/public/home/c14009/action/log/teacher_gunicorn.pid
other pid file exists....
/public/home/c14009/action/log/teacher_gunicorn.pid
teacher pid file exists....
student pid file exists....
other pid file exists....
/public/home/c14009/action/log/teacher_gunicorn.pid
teacher pid file exists....
student pid file exists....
other pid file exists....
/public/home/c14009/action/log/teacher_gunicorn.pid
teacher pid file exists....
student pid file exists....
other pid file exists....
/public/home/c14009/action/log/teacher_gunicorn.pid
teacher pid file exists....
student pid file exists....
other pid file exists....
/public/home/c14009/action/log/teacher_gunicorn.pid
teacher pid file exists....
student pid file exists....
other pid file exists....
/public/home/c14009/action/log/teacher_gunicorn.pid
teacher pid file exists....
student pid file exists....
other pid file exists....
/public/home/c14009/action/log/teacher_gunicorn.pid
teacher pid file exists....
student pid file exists....
other pid file exists....
/public/home/c14009/action/log/teacher_gunicorn.pid
teacher pid file exists....
student pid file exists....
other pid file exists....
/public/home/c14009/action/log/teacher_gunicorn.pid
teacher pid file exists....
student pid file exists....
other pid file exists....
/public/home/c14009/action/log/teacher_gunicorn.pid
teacher pid file exists....
student pid file exists....
other pid file exists....
/public/home/c14009/action/log/teacher_gunicorn.pid
teacher pid file exists....
student pid file exists....
other pid file exists....
/public/home/c14009/action/log/teacher_gunicorn.pid
teacher pid file exists....
student pid file exists....
other pid file exists....
/public/home/c14009/action/log/teacher_gunicorn.pid
teacher pid file exists....
student pid file exists....
other pid file exists....
/public/home/c14009/action/log/teacher_gunicorn.pid
teacher pid file exists....
student pid file exists....
other pid file exists....
/public/home/c14009/action/log/teacher_gunicorn.pid
teacher pid file exists....
student pid file exists....
other pid file exists....
/public/home/c14009/action/log/teacher_gunicorn.pid
teacher pid file exists....
student pid file exists....
other pid file exists....
/public/home/c14009/action/log/teacher_gunicorn.pid
teacher pid file exists....
student pid file exists....
other pid file exists....
/public/home/c14009/action/log/teacher_gunicorn.pid
teacher pid file exists....
student pid file exists....
other pid file exists....
/public/home/c14009/action/log/teacher_gunicorn.pid
teacher pid file exists....
student pid file exists....
other pid file exists....
/public/home/c14009/action/log/teacher_gunicorn.pid
teacher pid file exists....
student pid file exists....
other pid file exists....
/public/home/c14009/action/log/teacher_gunicorn.pid
teacher pid file exists....
student pid file exists....
other pid file exists....
/public/home/c14009/action/log/teacher_gunicorn.pid
teacher pid file exists....
student pid file exists....
other pid file exists....
/public/home/c14009/action/log/teacher_gunicorn.pid
teacher pid file exists....
student pid file exists....
other pid file exists....
/public/home/c14009/action/log/teacher_gunicorn.pid
teacher pid file exists....
student pid file exists....
other pid file exists....
/public/home/c14009/action/log/teacher_gunicorn.pid
teacher pid file exists....
student pid file exists....
other pid file exists....
/public/home/c14009/action/log/teacher_gunicorn.pid
teacher pid file exists....
student pid file exists....
other pid file exists....
/public/home/c14009/action/log/teacher_gunicorn.pid
teacher pid file exists....
student pid file exists....
other pid file exists....
/public/home/c14009/action/log/teacher_gunicorn.pid
teacher pid file exists....
student pid file exists....
other pid file exists....
/public/home/c14009/action/log/teacher_gunicorn.pid
teacher pid file exists....
student pid file exists....
other pid file exists....
/public/home/c14009/action/log/teacher_gunicorn.pid
teacher pid file exists....
student pid file exists....
other pid file exists....
/public/home/c14009/action/log/teacher_gunicorn.pid
teacher pid file exists....
student pid file exists....
other pid file exists....
/public/home/c14009/action/log/teacher_gunicorn.pid
teacher pid file exists....
student pid file exists....
other pid file exists....
/public/home/c14009/action/log/teacher_gunicorn.pid
teacher pid file exists....
student pid file exists....
other pid file exists....
/public/home/c14009/action/log/teacher_gunicorn.pid
teacher pid file exists....
student pid file exists....
other pid file exists....
/public/home/c14009/action/log/teacher_gunicorn.pid
teacher pid file exists....
student pid file exists....
other pid file exists....
/public/home/c14009/action/log/teacher_gunicorn.pid
teacher pid file exists....
student pid file exists....
other pid file exists....
/public/home/c14009/action/log/teacher_gunicorn.pid
teacher pid file exists....
student pid file exists....
other pid file exists....
/public/home/c14009/action/log/teacher_gunicorn.pid
teacher pid file exists....
student pid file exists....
other pid file exists....
/public/home/c14009/action/log/teacher_gunicorn.pid
teacher pid file exists....
student pid file exists....
other pid file exists....
/public/home/c14009/action/log/teacher_gunicorn.pid
teacher pid file exists....
student pid file exists....
other pid file exists....
/public/home/c14009/action/log/teacher_gunicorn.pid
teacher pid file exists....
student pid file exists....
other pid file exists....
/public/home/c14009/action/log/teacher_gunicorn.pid
teacher pid file exists....
student pid file exists....
other pid file exists....
/public/home/c14009/action/log/teacher_gunicorn.pid
teacher pid file exists....
student pid file exists....
other pid file exists....
/public/home/c14009/action/log/teacher_gunicorn.pid
teacher pid file exists....
student pid file exists....
other pid file exists....
/public/home/c14009/action/log/teacher_gunicorn.pid
teacher pid file exists....
student pid file exists....
other pid file exists....
/public/home/c14009/action/log/teacher_gunicorn.pid
teacher pid file exists....
student pid file exists....
other pid file exists....
/public/home/c14009/action/log/teacher_gunicorn.pid
teacher pid file exists....
student pid file exists....
other pid file exists....
/public/home/c14009/action/log/teacher_gunicorn.pid
teacher pid file exists....
student pid file exists....
other pid file exists....
/public/home/c14009/action/log/teacher_gunicorn.pid
teacher pid file exists....
student pid file exists....
other pid file exists....
/public/home/c14009/action/log/teacher_gunicorn.pid
teacher pid file exists....
student pid file exists....
other pid file exists....
/public/home/c14009/action/log/teacher_gunicorn.pid
teacher pid file exists....
student pid file exists....
other pid file exists....
/public/home/c14009/action/log/teacher_gunicorn.pid
teacher pid file exists....
student pid file exists....
other pid file exists....
/public/home/c14009/action/log/teacher_gunicorn.pid
teacher pid file exists....
student pid file exists....
other pid file exists....
/public/home/c14009/action/log/teacher_gunicorn.pid
teacher pid file exists....
student pid file exists....
other pid file exists....
/public/home/c14009/action/log/teacher_gunicorn.pid
teacher pid file exists....
student pid file exists....
other pid file exists....
/public/home/c14009/action/log/teacher_gunicorn.pid
teacher pid file exists....
student pid file exists....
other pid file exists....
/public/home/c14009/action/log/teacher_gunicorn.pid
teacher pid file exists....
student pid file exists....
other pid file exists....
/public/home/c14009/action/log/teacher_gunicorn.pid
teacher pid file exists....
student pid file exists....
other pid file exists....
/public/home/c14009/action/log/teacher_gunicorn.pid
teacher pid file exists....
student pid file exists....
other pid file exists....
/public/home/c14009/action/log/teacher_gunicorn.pid
teacher pid file exists....
student pid file exists....
other pid file exists....
/public/home/c14009/action/log/teacher_gunicorn.pid
teacher pid file exists....
student pid file exists....
other pid file exists....
/public/home/c14009/action/log/teacher_gunicorn.pid
teacher pid file exists....
student pid file exists....
other pid file exists....
/public/home/c14009/action/log/teacher_gunicorn.pid
teacher pid file exists....
student pid file exists....
other pid file exists....
/public/home/c14009/action/log/teacher_gunicorn.pid
teacher pid file exists....
student pid file exists....
other pid file exists....
/public/home/c14009/action/log/teacher_gunicorn.pid
teacher pid file exists....
student pid file exists....
other pid file exists....
/public/home/c14009/action/log/teacher_gunicorn.pid
teacher pid file exists....
student pid file exists....
other pid file exists....
/public/home/c14009/action/log/teacher_gunicorn.pid
teacher pid file exists....
student pid file exists....
other pid file exists....
/public/home/c14009/action/log/teacher_gunicorn.pid
teacher pid file exists....
student pid file exists....
other pid file exists....
/public/home/c14009/action/log/teacher_gunicorn.pid
teacher pid file exists....
student pid file exists....
other pid file exists....
/public/home/c14009/action/log/teacher_gunicorn.pid
teacher pid file exists....
student pid file exists....
other pid file exists....
/public/home/c14009/action/log/teacher_gunicorn.pid
teacher pid file exists....
student pid file exists....
other pid file exists....
/public/home/c14009/action/log/teacher_gunicorn.pid
teacher pid file exists....
student pid file exists....
other pid file exists....
/public/home/c14009/action/log/teacher_gunicorn.pid
teacher pid file exists....
student pid file exists....
other pid file exists....
/public/home/c14009/action/log/teacher_gunicorn.pid
teacher pid file exists....
student pid file exists....
other pid file exists....
/public/home/c14009/action/log/teacher_gunicorn.pid
teacher pid file exists....
student pid file exists....
other pid file exists....
/public/home/c14009/action/log/teacher_gunicorn.pid
teacher pid file exists....
student pid file exists....
other pid file exists....
/public/home/c14009/action/log/teacher_gunicorn.pid
teacher pid file exists....
student pid file exists....
other pid file exists....
/public/home/c14009/action/log/teacher_gunicorn.pid
teacher pid file exists....
student pid file exists....
other pid file exists....
/public/home/c14009/action/log/teacher_gunicorn.pid
teacher pid file exists....
student pid file exists....
other pid file exists....
/public/home/c14009/action/log/teacher_gunicorn.pid
teacher pid file exists....
student pid file exists....
other pid file exists....
/public/home/c14009/action/log/teacher_gunicorn.pid
teacher pid file exists....
student pid file exists....
other pid file exists....
/public/home/c14009/action/log/teacher_gunicorn.pid
teacher pid file exists....
student pid file exists....
other pid file exists....
/public/home/c14009/action/log/teacher_gunicorn.pid
teacher pid file exists....
student pid file exists....
other pid file exists....
/public/home/c14009/action/log/teacher_gunicorn.pid
teacher pid file exists....
student pid file exists....
other pid file exists....
/public/home/c14009/action/log/teacher_gunicorn.pid
teacher pid file exists....
student pid file exists....
other pid file exists....
/public/home/c14009/action/log/teacher_gunicorn.pid
teacher pid file exists....
student pid file exists....
other pid file exists....
/public/home/c14009/action/log/teacher_gunicorn.pid
teacher pid file exists....
student pid file exists....
other pid file exists....
/public/home/c14009/action/log/teacher_gunicorn.pid
teacher pid file exists....
student pid file exists....
other pid file exists....
/public/home/c14009/action/log/teacher_gunicorn.pid
teacher pid file exists....
student pid file exists....
other pid file exists....
/public/home/c14009/action/log/teacher_gunicorn.pid
teacher pid file exists....
student pid file exists....
other pid file exists....
/public/home/c14009/action/log/teacher_gunicorn.pid
teacher pid file exists....
student pid file exists....
other pid file exists....
/public/home/c14009/action/log/teacher_gunicorn.pid
teacher pid file exists....
student pid file exists....
other pid file exists....
/public/home/c14009/action/log/teacher_gunicorn.pid
teacher pid file exists....
student pid file exists....
other pid file exists....
/public/home/c14009/action/log/teacher_gunicorn.pid
teacher pid file exists....
student pid file exists....
other pid file exists....
/public/home/c14009/action/log/teacher_gunicorn.pid
teacher pid file exists....
student pid file exists....
other pid file exists....
/public/home/c14009/action/log/teacher_gunicorn.pid
teacher pid file exists....
student pid file exists....
other pid file exists....
/public/home/c14009/action/log/teacher_gunicorn.pid
teacher pid file exists....
student pid file exists....
other pid file exists....
/public/home/c14009/action/log/teacher_gunicorn.pid
teacher pid file exists....
student pid file exists....
other pid file exists....
/public/home/c14009/action/log/teacher_gunicorn.pid
teacher pid file exists....
student pid file exists....
other pid file exists....
/public/home/c14009/action/log/teacher_gunicorn.pid
teacher pid file exists....
student pid file exists....
other pid file exists....
/public/home/c14009/action/log/teacher_gunicorn.pid
teacher pid file exists....
student pid file exists....
other pid file exists....
/public/home/c14009/action/log/teacher_gunicorn.pid
teacher pid file exists....
student pid file exists....
other pid file exists....
/public/home/c14009/action/log/teacher_gunicorn.pid
teacher pid file exists....
student pid file exists....
other pid file exists....
/public/home/c14009/action/log/teacher_gunicorn.pid
teacher pid file exists....
student pid file exists....
other pid file exists....
/public/home/c14009/action/log/teacher_gunicorn.pid
teacher pid file exists....
student pid file exists....
other pid file exists....
/public/home/c14009/action/log/teacher_gunicorn.pid
teacher pid file exists....
student pid file exists....
other pid file exists....
/public/home/c14009/action/log/teacher_gunicorn.pid
teacher pid file exists....
student pid file exists....
other pid file exists....
/public/home/c14009/action/log/teacher_gunicorn.pid
teacher pid file exists....
student pid file exists....
other pid file exists....
/public/home/c14009/action/log/teacher_gunicorn.pid
teacher pid file exists....
student pid file exists....
other pid file exists....
/public/home/c14009/action/log/teacher_gunicorn.pid
teacher pid file exists....
student pid file exists....
other pid file exists....
/public/home/c14009/action/log/teacher_gunicorn.pid
teacher pid file exists....
student pid file exists....
other pid file exists....
/public/home/c14009/action/log/teacher_gunicorn.pid
teacher pid file exists....
student pid file exists....
other pid file exists....
/public/home/c14009/action/log/teacher_gunicorn.pid
teacher pid file exists....
student pid file exists....
other pid file exists....
/public/home/c14009/action/log/teacher_gunicorn.pid
teacher pid file exists....
student pid file exists....
other pid file exists....
/public/home/c14009/action/log/teacher_gunicorn.pid
teacher pid file exists....
student pid file exists....
other pid file exists....
/public/home/c14009/action/log/teacher_gunicorn.pid
teacher pid file exists....
student pid file exists....
other pid file exists....
/public/home/c14009/action/log/teacher_gunicorn.pid
teacher pid file exists....
student pid file exists....
other pid file exists....
/public/home/c14009/action/log/teacher_gunicorn.pid
teacher pid file exists....
student pid file exists....
other pid file exists....
/public/home/c14009/action/log/teacher_gunicorn.pid
teacher pid file exists....
student pid file exists....
other pid file exists....
/public/home/c14009/action/log/teacher_gunicorn.pid
teacher pid file exists....
student pid file exists....
other pid file exists....
/public/home/c14009/action/log/teacher_gunicorn.pid
teacher pid file exists....
student pid file exists....
other pid file exists....
/public/home/c14009/action/log/teacher_gunicorn.pid
teacher pid file exists....
student pid file exists....
other pid file exists....
/public/home/c14009/action/log/teacher_gunicorn.pid
teacher pid file exists....
student pid file exists....
other pid file exists....
/public/home/c14009/action/log/teacher_gunicorn.pid
teacher pid file exists....
student pid file exists....
other pid file exists....
/public/home/c14009/action/log/teacher_gunicorn.pid
teacher pid file exists....
student pid file exists....
other pid file exists....
/public/home/c14009/action/log/teacher_gunicorn.pid
teacher pid file exists....
student pid file exists....
other pid file exists....
/public/home/c14009/action/log/teacher_gunicorn.pid
teacher pid file exists....
student pid file exists....
other pid file exists....
/public/home/c14009/action/log/teacher_gunicorn.pid
teacher pid file exists....
student pid file exists....
other pid file exists....
/public/home/c14009/action/log/teacher_gunicorn.pid
teacher pid file exists....
student pid file exists....
other pid file exists....
/public/home/c14009/action/log/teacher_gunicorn.pid
teacher pid file exists....
other pid file exists....
/public/home/c14009/action/log/teacher_gunicorn.pid
teacher pid file exists....
other pid file exists....
/public/home/c14009/action/log/teacher_gunicorn.pid
teacher pid file exists....
student pid file exists....
other pid file exists....
/public/home/c14009/action/log/teacher_gunicorn.pid
teacher pid file exists....
student pid file exists....
other pid file exists....
/public/home/c14009/action/log/teacher_gunicorn.pid
teacher pid file exists....
student pid file exists....
other pid file exists....
Traceback (most recent call last):
  File "auto_restart.py", line 9, in <module>
    from apscheduler.schedulers.blocking import BlockingScheduler
ModuleNotFoundError: No module named 'apscheduler'
/public/home/c14009/action/log/teacher_gunicorn.pid
teacher pid file exists....
student pid file exists....
other pid file exists....
/public/home/c14009/action/log/teacher_gunicorn.pid
teacher pid file exists....
student pid file exists....
other pid file exists....
/public/home/c14009/action/log/teacher_gunicorn.pid
teacher pid file exists....
student pid file exists....
other pid file exists....
/public/home/c14009/action/log/teacher_gunicorn.pid
teacher pid file exists....
student pid file exists....
other pid file exists....
/public/home/c14009/action/log/teacher_gunicorn.pid
teacher pid file exists....
student pid file exists....
other pid file exists....
/public/home/c14009/action/log/teacher_gunicorn.pid
teacher pid file exists....
student pid file exists....
other pid file exists....
/public/home/c14009/action/log/teacher_gunicorn.pid
teacher pid file exists....
student pid file exists....
other pid file exists....
/public/home/c14009/action/log/teacher_gunicorn.pid
teacher pid file exists....
student pid file exists....
other pid file exists....
/public/home/c14009/action/log/teacher_gunicorn.pid
teacher pid file exists....
student pid file exists....
other pid file exists....
/public/home/c14009/action/log/teacher_gunicorn.pid
teacher pid file exists....
student pid file exists....
other pid file exists....
/public/home/c14009/action/log/teacher_gunicorn.pid
teacher pid file exists....
student pid file exists....
other pid file exists....
/public/home/c14009/action/log/teacher_gunicorn.pid
teacher pid file exists....
student pid file exists....
other pid file exists....
/public/home/c14009/action/log/teacher_gunicorn.pid
teacher pid file exists....
student pid file exists....
other pid file exists....
/public/home/c14009/action/log/teacher_gunicorn.pid
teacher pid file exists....
student pid file exists....
other pid file exists....
/public/home/c14009/action/log/teacher_gunicorn.pid
teacher pid file exists....
student pid file exists....
other pid file exists....
/public/home/c14009/action/log/teacher_gunicorn.pid
teacher pid file exists....
student pid file exists....
other pid file exists....
/public/home/c14009/action/log/teacher_gunicorn.pid
teacher pid file exists....
student pid file exists....
other pid file exists....
/public/home/c14009/action/log/teacher_gunicorn.pid
teacher pid file exists....
student pid file exists....
other pid file exists....
/public/home/c14009/action/log/teacher_gunicorn.pid
teacher pid file exists....
student pid file exists....
other pid file exists....
/public/home/c14009/action/log/teacher_gunicorn.pid
teacher pid file exists....
student pid file exists....
other pid file exists....
/public/home/c14009/action/log/teacher_gunicorn.pid
teacher pid file exists....
student pid file exists....
other pid file exists....
/public/home/c14009/action/log/teacher_gunicorn.pid
teacher pid file exists....
student pid file exists....
other pid file exists....
/public/home/c14009/action/log/teacher_gunicorn.pid
teacher pid file exists....
student pid file exists....
other pid file exists....
/public/home/c14009/action/log/teacher_gunicorn.pid
teacher pid file exists....
student pid file exists....
other pid file exists....
/public/home/c14009/action/log/teacher_gunicorn.pid
teacher pid file exists....
student pid file exists....
other pid file exists....
/public/home/c14009/action/log/teacher_gunicorn.pid
teacher pid file exists....
student pid file exists....
other pid file exists....
/public/home/c14009/action/log/teacher_gunicorn.pid
teacher pid file exists....
student pid file exists....
other pid file exists....
/public/home/c14009/action/log/teacher_gunicorn.pid
teacher pid file exists....
student pid file exists....
other pid file exists....
/public/home/c14009/action/log/teacher_gunicorn.pid
teacher pid file exists....
student pid file exists....
other pid file exists....
/public/home/c14009/action/log/teacher_gunicorn.pid
teacher pid file exists....
student pid file exists....
other pid file exists....
/public/home/c14009/action/log/teacher_gunicorn.pid
teacher pid file exists....
student pid file exists....
other pid file exists....
/public/home/c14009/action/log/teacher_gunicorn.pid
teacher pid file exists....
student pid file exists....
other pid file exists....
/public/home/c14009/action/log/teacher_gunicorn.pid
/public/home/c14009/action/log/teacher_gunicorn.pid
teacher pid file exists....
./auto_stop.sh: line 12: kill: (184423) - No such process
student pid file exists....
./auto_stop.sh: line 19: kill: (184437) - No such process
other pid file exists....
./auto_stop.sh: line 26: kill: (184448) - No such process
/public/home/c14009/action/log/teacher_gunicorn.pid
teacher pid file exists....
./auto_stop.sh: line 12: kill: (184475) - No such process
student pid file exists....
./auto_stop.sh: line 19: kill: (184489) - No such process
other pid file exists....
./auto_stop.sh: line 26: kill: (184499) - No such process
/public/home/c14009/action/log/teacher_gunicorn.pid
teacher pid file exists....
student pid file exists....
other pid file exists....
